14/07/2015 16:0:00 33 60 2 9 40 90 100 5.5 1 2.5 0 1 0
14/07/2015 16:1:00 32 60 2 9 40 90 100 5.5 1 2.5 0 1 0
14/07/2015 16:2:00 33 60 2 9 40 90 100 5.5 1 2.5 0 1 0
14/07/2015 16:3:00 33 60 2 9 40 90 100 5.5 1 2.5 0 1 0
14/07/2015 16:4:00 32 60 2 9 40 90 100 5.5 1 2.5 0 1 0
14/07/2015 16:5:00 32 60 2 9 40 90 100 5.5 1 2.5 0 1 0
14/07/2015 16:6:00 32 60 2 9 40 90 100 5.5 1 2.5 0 1 0
14/07/2015 16:7:00 33 60 2 9 40 90 100 5.5 1 2.5 0 1 0
14/07/2015 16:8:00 33 60 2 9 40 90 100 5.5 1 2.5 0 1 0
14/07/2015 16:9:00 33 60 2 9 40 90 100 5.5 1 3.1 0 1 0
14/07/2015 16:10:00 33 60 2 9 40 90 100 5.5 1 3.1 0 1 0
14/07/2015 16:11:00 33 60 2 9 40 90 100 5.5 1 3.1 0 1 0
14/07/2015 16:12:00 33 60 2 9 40 90 100 5.5 1 3.1 0 1 0
14/07/2015 16:13:00 33 60 2 9 40 90 100 5.5 1 2.5 0 1 0
14/07/2015 16:14:00 33 60 2 9 40 90 100 5.5 1 2.5 0 1 0
14/07/2015 16:15:00 33 60 2 9 40 90 100 5.5 1 2.5 0 1 0
14/07/2015 16:16:00 33 60 2 9 40 90 100 5.5 1 2.5 0 1 0
14/07/2015 16:17:00 33 60 2 9 40 90 100 5.5 1 2.5 0 1 0
14/07/2015 16:18:00 33 60 2 9 40 90 100 5.5 1 2.5 0 1 0
14/07/2015 16:19:00 33 60 2 9 40 90 100 5.5 1 2.5 0 1 0
14/07/2015 16:20:00 33 60 2 9 40 90 100 5.5 1 2.5 0 1 0
14/07/2015 16:21:00 33 60 2 9 40 90 100 5.5 1 2.5 0 1 0
14/07/2015 16:22:00 33 60 2 9 40 90 100 5.5 1 2.5 0 1 0
14/07/2015 16:23:00 33 60 2 9 40 90 100 5.5 1 2.5 0 1 0
14/07/2015 16:24:00 33 60 2 9 40 90 100 5.5 1 2.5 0 1 0
14/07/2015 16:25:00 33 60 3 9 40 90 100 5.5 1 2.5 0 1 0
14/07/2015 16:26:00 33 60 2 9 40 90 100 5.5 1 2.5 0 1 0
14/07/2015 16:27:00 33 60 2 9 40 90 100 5.5 1 2.5 0 1 0
14/07/2015 16:28:00 33 60 2 9 40 90 100 5.5 1 2.5 0 1 0
14/07/2015 16:29:00 33 60 3 9 40 90 100 5.5 1 2.5 0 1 0
14/07/2015 16:30:00 33 60 2 9 40 90 100 5.5 1 2.5 0 1 0
14/07/2015 16:31:00 33 60 2 9 40 90 100 5.5 1 2.5 0 1 0
14/07/2015 16:32:00 33 60 3 9 40 90 100 5.5 1 2.5 0 1 0
14/07/2015 16:33:00 33 60 2 9 40 90 100 5.5 1 2.5 0 1 0
14/07/2015 16:34:00 33 60 2 9 40 90 100 5.5 1 2.5 0 1 1
14/07/2015 16:35:00 33 60 2 9 40 90 100 5.5 1 2.5 0 1 1
14/07/2015 16:36:00 33 60 2 9 40 90 100 5.5 1 2.5 0 1 0
14/07/2015 16:37:00 33 60 2 9 40 90 100 5.5 1 2.5 0 1 0
14/07/2015 16:38:00 33 60 2 9 40 90 100 5.5 1 2.5 0 1 0
14/07/2015 16:39:00 33 60 2 9 40 90 100 5.5 1 2.5 0 1 0
14/07/2015 16:40:00 33 60 1 9 40 90 100 5.5 1 2.5 0 1 0
14/07/2015 16:41:00 33 60 1 9 40 90 100 5.5 1 2.5 0 1 0
14/07/2015 16:42:00 33 60 1 9 40 90 100 5.5 1 2.5 0 1 0
14/07/2015 16:43:00 33 60 2 9 40 90 100 5.5 1 2.5 0 1 0
14/07/2015 16:44:00 33 60 2 9 40 90 100 5.5 1 2.5 0 1 0
14/07/2015 16:45:00 33 60 2 9 40 90 100 5.5 1 2.5 0 1 0
14/07/2015 16:46:00 33 60 2 7 40 90 100 5.5 1 2.5 0 1 1
14/07/2015 16:47:00 33 60 2 7 40 90 100 5.5 1 2.5 0 1 1
14/07/2015 16:48:00 33 60 2 7 40 90 100 5.5 1 2.5 0 1 0
14/07/2015 16:49:00 33 60 2 9 40 90 100 5.5 1 2.5 1 1 0
14/07/2015 16:50:00 33 60 2 9 40 90 99 5.5 1 2.5 0 1 0
14/07/2015 16:51:00 33 60 1 9 40 90 99 5.5 1 2.5 1 1 0
14/07/2015 16:52:00 33 60 1 9 40 90 100 5.5 1 2.5 0 1 0
14/07/2015 16:53:00 33 60 2 7 40 90 98 5.4 1 2.5 0 1 0
14/07/2015 16:54:00 33 60 2 9 40 90 100 5.4 1 2.5 0 1 0
14/07/2015 16:55:00 33 60 2 7 40 90 100 4.5 1 2.5 0 1 0
14/07/2015 16:56:00 33 60 2 7 40 90 100 4.5 1 2.5 0 1 0
14/07/2015 16:57:00 33 60 2 7 40 90 100 4.5 1 2.5 0 1 0
14/07/2015 16:58:00 33 60 2 9 40 90 100 5.5 1 2.5 0 1 0
14/07/2015 16:59:00 33 60 2 9 40 90 100 5.5 1 2.5 0 1 0
14/07/2015 17:0:00 33 60 2 9 40 90 100 5.5 1 2.5 0 1 0
14/07/2015 17:1:00 33 60 2 9 40 90 100 5.5 1 2.5 0 1 0
14/07/2015 17:2:00 33 60 2 9 40 90 100 5.5 1 2.5 0 1 0
14/07/2015 17:3:00 33 60 2 9 40 90 100 5.5 1 2.5 0 1 0
14/07/2015 17:4:00 33 60 2 9 40 90 100 5.5 1 2.5 0 1 0
14/07/2015 17:5:00 33 60 2 9 40 90 100 5.5 1 2.5 0 1 0
14/07/2015 17:6:00 33 60 2 9 40 90 100 5.5 1 2.5 0 1 0
14/07/2015 17:7:00 33 60 2 9 40 90 100 5.5 1 2.5 0 1 0
14/07/2015 17:8:00 33 60 2 9 40 90 100 5.5 1 2.5 0 1 0
14/07/2015 17:9:00 33 60 2 9 40 90 100 5.5 1 2.5 0 1 0
14/07/2015 17:10:00 33 60 2 9 40 90 100 5.5 1 2.5 0 1 0
14/07/2015 17:11:00 33 60 2 9 40 90 100 5.5 1 2.5 0 1 0
14/07/2015 17:12:00 33 60 2 9 40 90 100 5.5 1 2.5 0 1 0
14/07/2015 17:13:00 33 60 2 9 40 90 100 5.5 1 2.5 0 1 0
14/07/2015 17:14:00 33 60 2 9 40 90 100 5.5 1 2.5 0 1 0
14/07/2015 17:15:00 33 60 2 9 40 90 100 5.5 1 2.5 0 1 0
14/07/2015 17:16:00 33 60 2 9 40 90 100 5.5 1 2.5 0 1 0
14/07/2015 17:17:00 33 60 2 9 40 90 100 5.5 1 2.5 0 1 0
14/07/2015 17:18:00 33 60 2 9 40 90 100 5.5 1 2.5 0 1 0
14/07/2015 17:19:00 33 60 2 9 40 90 100 5.5 1 2.5 0 1 0
14/07/2015 17:20:00 33 60 2 9 40 90 100 5.5 1 2.5 0 1 0
14/07/2015 17:21:00 33 60 2 9 40 90 100 5.5 1 2.5 0 1 0
14/07/2015 17:22:00 33 60 2 9 40 90 100 5.5 1 2.5 0 1 0
14/07/2015 17:23:00 33 60 2 9 40 90 100 5.5 1 2.5 0 1 0
14/07/2015 17:24:00 33 60 2 9 40 90 100 5.5 1 2.5 0 1 0
14/07/2015 17:25:00 33 60 2 9 40 90 100 5.5 1 2.5 0 1 0
14/07/2015 17:26:00 33 60 2 9 40 90 100 5.5 1 2.5 0 1 0
14/07/2015 17:27:00 33 60 2 9 40 90 100 5.5 1 2.5 0 1 0
14/07/2015 17:28:00 33 60 2 9 40 90 100 5.5 1 2.5 0 1 0
14/07/2015 17:29:00 33 60 2 9 40 90 100 5.5 1 2.5 0 1 0
14/07/2015 17:30:00 33 60 2 9 40 90 100 5.5 1 2.5 0 1 0
14/07/2015 17:31:00 33 60 2 9 40 90 100 5.5 1 2.5 0 1 0
14/07/2015 17:32:00 33 60 2 9 40 90 100 5.5 1 2.5 0 1 0
14/07/2015 17:33:00 33 60 2 9 40 90 100 5.5 1 2.5 0 1 0
14/07/2015 17:34:00 33 60 2 9 40 90 100 5.5 1 2.5 0 1 0
14/07/2015 17:35:00 33 60 2 9 40 90 100 5.5 1 2.5 0 1 0
14/07/2015 17:36:00 33 60 2 9 40 90 100 5.5 1 2.5 0 1 0
14/07/2015 17:37:00 33 60 2 9 40 90 100 5.5 1 2.5 0 1 0
14/07/2015 17:38:00 33 60 2 9 40 90 100 5.5 1 2.5 0 1 0
14/07/2015 17:39:00 33 60 2 9 40 90 100 5.5 1 2.5 0 1 0
14/07/2015 17:40:00 33 60 2 9 40 90 100 5.5 1 2.5 0 1 0
14/07/2015 17:41:00 33 60 2 9 40 90 100 5.5 1 2.5 0 1 0
14/07/2015 17:42:00 33 60 2 9 40 90 100 5.5 1 2.5 0 1 0
14/07/2015 17:43:00 33 60 2 9 40 90 100 5.5 1 2.5 0 1 0
14/07/2015 17:44:00 33 60 2 9 40 90 100 5.5 1 2.5 0 1 0
14/07/2015 17:45:00 33 60 2 9 40 90 100 5.5 1 2.5 0 1 0
14/07/2015 17:46:00 33 60 2 9 40 90 100 5.5 1 2.5 0 1 0
14/07/2015 17:47:00 33 60 2 9 40 90 100 5.5 1 2.5 0 1 0
14/07/2015 17:48:00 33 60 2 9 40 90 100 5.5 1 2.5 0 1 0
14/07/2015 17:49:00 33 60 2 9 40 90 100 5.5 1 2.5 0 1 0
14/07/2015 17:50:00 33 60 2 9 40 90 100 5.5 1 2.5 0 1 0
14/07/2015 17:51:00 33 60 2 9 40 90 100 5.5 1 2.5 0 1 0
14/07/2015 17:52:00 33 60 2 9 40 90 100 5.5 1 2.5 0 1 0
14/07/2015 17:53:00 33 60 2 9 40 90 100 5.5 1 2.5 0 1 0
14/07/2015 17:54:00 33 60 2 9 40 90 100 5.5 1 2.5 0 1 0
14/07/2015 17:55:00 33 60 2 9 40 90 100 5.5 1 2.5 0 1 0
14/07/2015 17:56:00 33 60 2 9 40 90 100 5.5 1 2.5 0 1 0
14/07/2015 17:57:00 33 60 2 9 40 90 100 5.5 1 2.5 0 1 0
14/07/2015 17:58:00 33 60 2 9 40 90 100 5.5 1 2.5 0 1 0
14/07/2015 17:59:00 33 60 2 9 40 90 100 5.5 1 2.5 0 1 0
14/07/2015 18:0:00 35 70 2 9 40 90 100 5.5 1 2.5 0 1 0
14/07/2015 18:1:00 35 70 2 9 40 90 100 5.5 1 2.5 0 1 0
14/07/2015 18:2:00 35 70 2 9 40 90 100 5.5 1 2.5 0 1 0
14/07/2015 18:3:00 35 70 2 9 40 90 100 5.5 1 2.5 0 1 0
14/07/2015 18:4:00 35 70 2 9 40 90 100 5.5 1 2.5 0 1 0
14/07/2015 18:5:00 35 70 2 9 40 90 100 5.5 1 2.5 0 1 0
14/07/2015 18:6:00 35 70 2 9 40 90 100 5.5 1 2.5 0 1 0
14/07/2015 18:7:00 35 70 2 9 40 90 100 5.5 1 2.5 0 1 0
14/07/2015 18:8:00 35 70 2 9 40 90 100 5.5 1 2.5 0 1 0
14/07/2015 18:9:00 35 70 2 9 40 90 100 5.5 1 2.5 0 1 0
14/07/2015 18:10:00 35 70 2 9 40 90 100 5.5 1 2.5 0 1 0
14/07/2015 18:11:00 35 70 2 9 40 90 100 5.5 1 2.5 0 1 0
14/07/2015 18:12:00 35 70 2 9 40 90 100 5.5 1 2.5 0 1 0
14/07/2015 18:13:00 35 70 2 9 40 90 100 5.5 1 2.5 0 1 0
14/07/2015 18:14:00 35 70 2 9 40 90 100 5.5 1 2.5 0 1 0
14/07/2015 18:15:00 35 70 2 9 40 90 100 5.5 1 2.5 0 1 0
14/07/2015 18:16:00 35 70 2 9 40 90 100 5.5 1 2.5 0 1 0
14/07/2015 18:17:00 35 70 2 9 40 90 100 5.5 1 2.5 0 1 0
14/07/2015 18:18:00 35 70 2 9 40 90 100 5.5 1 2.5 0 1 0
14/07/2015 18:19:00 35 70 2 9 40 90 100 5.5 1 2.5 0 1 0
14/07/2015 18:20:00 35 70 2 9 40 90 100 5.5 1 2.5 0 1 0
14/07/2015 18:21:00 35 70 2 9 40 90 100 5.5 1 2.5 0 1 0
14/07/2015 18:22:00 35 70 2 9 40 90 100 5.5 1 2.5 0 1 0
14/07/2015 18:23:00 35 70 2 9 40 90 100 5.5 1 2.5 0 1 0
14/07/2015 18:24:00 35 70 2 9 40 90 100 5.5 1 2.5 0 1 0
14/07/2015 18:25:00 35 70 2 9 40 90 100 5.5 1 2.5 0 1 0
14/07/2015 18:26:00 35 70 2 9 40 90 100 5.5 1 2.5 0 1 0
14/07/2015 18:27:00 35 70 2 9 40 90 100 5.5 1 2.5 0 1 0
14/07/2015 18:28:00 35 70 2 9 40 90 100 5.5 1 2.5 0 1 0
14/07/2015 18:29:00 35 70 2 9 40 90 100 5.5 1 2.5 0 1 0
14/07/2015 18:30:00 35 70 2 9 40 90 100 5.5 1 2.5 0 1 0
14/07/2015 18:31:00 35 70 2 9 40 90 100 5.5 1 2.5 0 1 0
14/07/2015 18:32:00 35 70 2 9 40 90 100 5.5 1 2.5 0 1 0
14/07/2015 18:33:00 35 70 2 9 40 90 100 5.5 1 2.5 0 1 0
14/07/2015 18:34:00 35 70 2 9 40 90 100 5.5 1 2.5 0 1 0
14/07/2015 18:35:00 35 70 2 9 40 90 100 5.5 1 2.5 0 1 0
14/07/2015 18:36:00 35 70 2 9 40 90 100 5.5 1 2.5 0 1 0
14/07/2015 18:37:00 35 70 2 9 40 90 100 5.5 1 2.5 0 1 0
14/07/2015 18:38:00 35 70 2 9 40 90 100 5.5 1 2.5 0 1 0
14/07/2015 18:39:00 35 70 2 9 40 90 100 5.5 1 2.5 0 1 0
14/07/2015 18:40:00 35 70 2 9 40 90 100 5.5 1 2.5 0 1 0
14/07/2015 18:41:00 35 70 2 9 40 90 100 5.5 1 2.5 0 1 0
14/07/2015 18:42:00 35 70 2 9 40 90 100 5.5 1 2.5 0 1 0
14/07/2015 18:43:00 35 70 2 9 40 90 100 5.5 1 2.5 0 1 0
14/07/2015 18:44:00 35 70 2 9 40 90 100 5.5 1 2.5 0 1 0
14/07/2015 18:45:00 35 70 2 9 40 90 100 5.5 1 2.5 0 1 0
14/07/2015 18:46:00 35 70 2 9 40 90 100 5.5 1 2.5 0 1 0
14/07/2015 18:47:00 35 70 2 9 40 90 100 5.5 1 2.5 0 1 0
14/07/2015 18:48:00 35 70 2 9 40 90 100 5.5 1 2.5 0 1 0
14/07/2015 18:49:00 35 70 2 9 40 90 100 5.5 1 2.5 0 1 0
14/07/2015 18:50:00 35 70 2 9 40 90 100 5.5 1 2.5 0 1 0
14/07/2015 18:51:00 35 70 2 9 40 90 100 5.5 1 2.5 0 1 0
14/07/2015 18:52:00 35 70 2 9 40 90 100 5.5 1 2.5 0 1 0
14/07/2015 18:53:00 35 70 2 9 40 90 100 5.5 1 2.5 0 1 0
14/07/2015 18:54:00 35 70 2 9 40 90 100 5.5 1 2.5 0 1 0
14/07/2015 18:55:00 35 70 2 9 40 90 100 5.5 1 2.5 0 1 0
14/07/2015 18:56:00 35 70 2 9 40 90 100 5.5 1 2.5 0 1 0
14/07/2015 18:57:00 35 70 2 9 40 90 100 5.5 1 2.5 0 1 0
14/07/2015 18:58:00 35 70 2 9 40 90 100 5.5 1 2.5 0 1 0
14/07/2015 18:59:00 35 70 2 9 40 90 100 5.5 1 2.5 0 1 0
15/07/2015 16:0:00 33 60 2 9 40 90 100 5.5 1 2.5 0 1 0
15/07/2015 16:1:00 32 60 2 9 40 90 100 5.5 1 2.5 0 1 0
15/07/2015 16:2:00 33 60 2 9 40 90 100 5.5 1 2.5 0 1 0
15/07/2015 16:3:00 33 60 2 9 40 90 100 5.5 1 2.5 0 1 0
15/07/2015 16:4:00 32 60 2 9 40 90 100 5.5 1 2.5 0 1 0
15/07/2015 16:5:00 32 60 2 9 40 90 100 5.5 1 2.5 0 1 0
15/07/2015 16:6:00 32 60 2 9 40 90 100 5.5 1 2.5 0 1 0
15/07/2015 16:7:00 33 60 2 9 40 90 100 5.5 1 2.5 0 1 0
15/07/2015 16:8:00 33 60 2 9 40 90 100 5.5 1 2.5 0 1 0
15/07/2015 16:9:00 33 60 2 9 40 90 100 5.5 1 3.1 0 1 0
15/07/2015 16:10:00 33 60 2 9 40 90 100 5.5 1 3.1 0 1 0
15/07/2015 16:11:00 33 60 2 9 40 90 100 5.5 1 3.1 0 1 0
15/07/2015 16:12:00 33 60 2 9 40 90 100 5.5 1 3.1 0 1 0
15/07/2015 16:13:00 33 60 2 9 40 90 100 5.5 1 2.5 0 1 0
15/07/2015 16:14:00 33 60 2 9 40 90 100 5.5 1 2.5 0 1 0
15/07/2015 16:15:00 33 60 2 9 40 90 100 5.5 1 2.5 0 1 0
15/07/2015 16:16:00 33 60 2 9 40 90 100 5.5 1 2.5 0 1 0
15/07/2015 16:17:00 33 60 2 9 40 90 100 5.5 1 2.5 0 1 0
15/07/2015 16:18:00 33 60 2 9 40 90 100 5.5 1 2.5 0 1 0
15/07/2015 16:19:00 33 60 2 9 40 90 100 5.5 1 2.5 0 1 0
15/07/2015 16:20:00 33 60 2 9 40 90 100 5.5 1 2.5 0 1 0
15/07/2015 16:21:00 33 60 2 9 40 90 100 5.5 1 2.5 0 1 0
15/07/2015 16:22:00 33 60 2 9 40 90 100 5.5 1 2.5 0 1 0
15/07/2015 16:23:00 33 60 2 9 40 90 100 5.5 1 2.5 0 1 0
15/07/2015 16:24:00 33 60 2 9 40 90 100 5.5 1 2.5 0 1 0
15/07/2015 16:25:00 33 60 3 9 40 90 100 5.5 1 2.5 0 1 0
15/07/2015 16:26:00 33 60 2 9 40 90 100 5.5 1 2.5 0 1 0
15/07/2015 16:27:00 33 60 2 9 40 90 100 5.5 1 2.5 0 1 0
15/07/2015 16:28:00 33 60 2 9 40 90 100 5.5 1 2.5 0 1 0
15/07/2015 16:29:00 33 60 3 9 40 90 100 5.5 1 2.5 0 1 0
15/07/2015 16:30:00 33 60 2 9 40 90 100 5.5 1 2.5 0 1 0
15/07/2015 16:31:00 33 60 2 9 40 90 100 5.5 1 2.5 0 1 0
15/07/2015 16:32:00 33 60 3 9 40 90 100 5.5 1 2.5 0 1 0
15/07/2015 16:33:00 33 60 2 9 40 90 100 5.5 1 2.5 0 1 0
15/07/2015 16:34:00 33 60 2 9 40 90 100 5.5 1 2.5 0 1 1
15/07/2015 16:35:00 33 60 2 9 40 90 100 5.5 1 2.5 0 1 1
15/07/2015 16:36:00 33 60 2 9 40 90 100 5.5 1 2.5 0 1 0
15/07/2015 16:37:00 33 60 2 9 40 90 100 5.5 1 2.5 0 1 0
15/07/2015 16:38:00 33 60 2 9 40 90 100 5.5 1 2.5 0 1 0
15/07/2015 16:39:00 33 60 2 9 40 90 100 5.5 1 2.5 0 1 0
15/07/2015 16:40:00 33 60 1 9 40 90 100 5.5 1 2.5 0 1 0
15/07/2015 16:41:00 33 60 1 9 40 90 100 5.5 1 2.5 0 1 0
15/07/2015 16:42:00 33 60 1 9 40 90 100 5.5 1 2.5 0 1 0
15/07/2015 16:43:00 33 60 2 9 40 90 100 5.5 1 2.5 0 1 0
15/07/2015 16:44:00 33 60 2 9 40 90 100 5.5 1 2.5 0 1 0
15/07/2015 16:45:00 33 60 2 9 40 90 100 5.5 1 2.5 0 1 0
15/07/2015 16:46:00 33 60 2 7 40 90 100 5.5 1 2.5 0 1 1
15/07/2015 16:47:00 33 60 2 7 40 90 100 5.5 1 2.5 0 1 1
15/07/2015 16:48:00 33 60 2 7 40 90 100 5.5 1 2.5 0 1 0
15/07/2015 16:49:00 33 60 2 9 40 90 100 5.5 1 2.5 1 1 0
15/07/2015 16:50:00 33 60 2 9 40 90 99 5.5 1 2.5 0 1 0
15/07/2015 16:51:00 33 60 1 9 40 90 99 5.5 1 2.5 1 1 0
15/07/2015 16:52:00 33 60 1 9 40 90 100 5.5 1 2.5 0 1 0
15/07/2015 16:53:00 33 60 2 7 40 90 98 5.4 1 2.5 0 1 0
15/07/2015 16:54:00 33 60 2 9 40 90 100 5.4 1 2.5 0 1 0
15/07/2015 16:55:00 33 60 2 7 40 90 100 4.5 1 2.5 0 1 0
15/07/2015 16:56:00 33 60 2 7 40 90 100 4.5 1 2.5 0 1 0
15/07/2015 16:57:00 33 60 2 7 40 90 100 4.5 1 2.5 0 1 0
15/07/2015 16:58:00 33 60 2 9 40 90 100 5.5 1 2.5 0 1 0
15/07/2015 16:59:00 33 60 2 9 40 90 100 5.5 1 2.5 0 1 0
15/07/2015 17:0:00 33 60 2 9 40 90 100 5.5 1 2.5 0 1 0
15/07/2015 17:1:00 33 60 2 9 40 90 100 5.5 1 2.5 0 1 0
15/07/2015 17:2:00 33 60 2 9 40 90 100 5.5 1 2.5 0 1 0
15/07/2015 17:3:00 33 60 2 9 40 90 100 5.5 1 2.5 0 1 0
15/07/2015 17:4:00 33 60 2 9 40 90 100 5.5 1 2.5 0 1 0
15/07/2015 17:5:00 33 60 2 9 40 90 100 5.5 1 2.5 0 1 0
15/07/2015 17:6:00 33 60 2 9 40 90 100 5.5 1 2.5 0 1 0
15/07/2015 17:7:00 33 60 2 9 40 90 100 5.5 1 2.5 0 1 0
15/07/2015 17:8:00 33 60 2 9 40 90 100 5.5 1 2.5 0 1 0
15/07/2015 17:9:00 33 60 2 9 40 90 100 5.5 1 2.5 0 1 0
15/07/2015 17:10:00 33 60 2 9 40 90 100 5.5 1 2.5 0 1 0
15/07/2015 17:11:00 33 60 2 9 40 90 100 5.5 1 2.5 0 1 0
15/07/2015 17:12:00 33 60 2 9 40 90 100 5.5 1 2.5 0 1 0
15/07/2015 17:13:00 33 60 2 9 40 90 100 5.5 1 2.5 0 1 0
15/07/2015 17:14:00 33 60 2 9 40 90 100 5.5 1 2.5 0 1 0
15/07/2015 17:15:00 33 60 2 9 40 90 100 5.5 1 2.5 0 1 0
15/07/2015 17:16:00 33 60 2 9 40 90 100 5.5 1 2.5 0 1 0
15/07/2015 17:17:00 33 60 2 9 40 90 100 5.5 1 2.5 0 1 0
15/07/2015 17:18:00 33 60 2 9 40 90 100 5.5 1 2.5 0 1 0
15/07/2015 17:19:00 33 60 2 9 40 90 100 5.5 1 2.5 0 1 0
15/07/2015 17:20:00 33 60 2 9 40 90 100 5.5 1 2.5 0 1 0
15/07/2015 17:21:00 33 60 2 9 40 90 100 5.5 1 2.5 0 1 0
15/07/2015 17:22:00 33 60 2 9 40 90 100 5.5 1 2.5 0 1 0
15/07/2015 17:23:00 33 60 2 9 40 90 100 5.5 1 2.5 0 1 0
15/07/2015 17:24:00 33 60 2 9 40 90 100 5.5 1 2.5 0 1 0
15/07/2015 17:25:00 33 60 2 9 40 90 100 5.5 1 2.5 0 1 0
15/07/2015 17:26:00 33 60 2 9 40 90 100 5.5 1 2.5 0 1 0
15/07/2015 17:27:00 33 60 2 9 40 90 100 5.5 1 2.5 0 1 0
15/07/2015 17:28:00 33 60 2 9 40 90 100 5.5 1 2.5 0 1 0
15/07/2015 17:29:00 33 60 2 9 40 90 100 5.5 1 2.5 0 1 0
15/07/2015 17:30:00 33 60 2 9 40 90 100 5.5 1 2.5 0 1 0
15/07/2015 17:31:00 33 60 2 9 40 90 100 5.5 1 2.5 0 1 0
15/07/2015 17:32:00 33 60 2 9 40 90 100 5.5 1 2.5 0 1 0
15/07/2015 17:33:00 33 60 2 9 40 90 100 5.5 1 2.5 0 1 0
15/07/2015 17:34:00 33 60 2 9 40 90 100 5.5 1 2.5 0 1 0
15/07/2015 17:35:00 33 60 2 9 40 90 100 5.5 1 2.5 0 1 0
15/07/2015 17:36:00 33 60 2 9 40 90 100 5.5 1 2.5 0 1 0
15/07/2015 17:37:00 33 60 2 9 40 90 100 5.5 1 2.5 0 1 0
15/07/2015 17:38:00 33 60 2 9 40 90 100 5.5 1 2.5 0 1 0
15/07/2015 17:39:00 33 60 2 9 40 90 100 5.5 1 2.5 0 1 0
15/07/2015 17:40:00 33 60 2 9 40 90 100 5.5 1 2.5 0 1 0
15/07/2015 17:41:00 33 60 2 9 40 90 100 5.5 1 2.5 0 1 0
15/07/2015 17:42:00 33 60 2 9 40 90 100 5.5 1 2.5 0 1 0
15/07/2015 17:43:00 33 60 2 9 40 90 100 5.5 1 2.5 0 1 0
15/07/2015 17:44:00 33 60 2 9 40 90 100 5.5 1 2.5 0 1 0
15/07/2015 17:45:00 33 60 2 9 40 90 100 5.5 1 2.5 0 1 0
15/07/2015 17:46:00 33 60 2 9 40 90 100 5.5 1 2.5 0 1 0
15/07/2015 17:47:00 33 60 2 9 40 90 100 5.5 1 2.5 0 1 0
15/07/2015 17:48:00 33 60 2 9 40 90 100 5.5 1 2.5 0 1 0
15/07/2015 17:49:00 33 60 2 9 40 90 100 5.5 1 2.5 0 1 0
15/07/2015 17:50:00 33 60 2 9 40 90 100 5.5 1 2.5 0 1 0
15/07/2015 17:51:00 33 60 2 9 40 90 100 5.5 1 2.5 0 1 0
15/07/2015 17:52:00 33 60 2 9 40 90 100 5.5 1 2.5 0 1 0
15/07/2015 17:53:00 33 60 2 9 40 90 100 5.5 1 2.5 0 1 0
15/07/2015 17:54:00 33 60 2 9 40 90 100 5.5 1 2.5 0 1 0
15/07/2015 17:55:00 33 60 2 9 40 90 100 5.5 1 2.5 0 1 0
15/07/2015 17:56:00 33 60 2 9 40 90 100 5.5 1 2.5 0 1 0
15/07/2015 17:57:00 33 60 2 9 40 90 100 5.5 1 2.5 0 1 0
15/07/2015 17:58:00 33 60 2 9 40 90 100 5.5 1 2.5 0 1 0
15/07/2015 17:59:00 33 60 2 9 40 90 100 5.5 1 2.5 0 1 0
15/07/2015 18:0:00 35 70 2 9 40 90 100 5.5 1 2.5 0 1 0
15/07/2015 18:1:00 35 70 2 9 40 90 100 5.5 1 2.5 0 1 0
15/07/2015 18:2:00 35 70 2 9 40 90 100 5.5 1 2.5 0 1 0
15/07/2015 18:3:00 35 70 2 9 40 90 100 5.5 1 2.5 0 1 0
15/07/2015 18:4:00 35 70 2 9 40 90 100 5.5 1 2.5 0 1 0
15/07/2015 18:5:00 35 70 2 9 40 90 100 5.5 1 2.5 0 1 0
15/07/2015 18:6:00 35 70 2 9 40 90 100 5.5 1 2.5 0 1 0
15/07/2015 18:7:00 35 70 2 9 40 90 100 5.5 1 2.5 0 1 0
15/07/2015 18:8:00 35 70 2 9 40 90 100 5.5 1 2.5 0 1 0
15/07/2015 18:9:00 35 70 2 9 40 90 100 5.5 1 2.5 0 1 0
15/07/2015 18:10:00 35 70 2 9 40 90 100 5.5 1 2.5 0 1 0
15/07/2015 18:11:00 35 70 2 9 40 90 100 5.5 1 2.5 0 1 0
15/07/2015 18:12:00 35 70 2 9 40 90 100 5.5 1 2.5 0 1 0
15/07/2015 18:13:00 35 70 2 9 40 90 100 5.5 1 2.5 0 1 0
15/07/2015 18:14:00 35 70 2 9 40 90 100 5.5 1 2.5 0 1 0
15/07/2015 18:15:00 35 70 2 9 40 90 100 5.5 1 2.5 0 1 0
15/07/2015 18:16:00 35 70 2 9 40 90 100 5.5 1 2.5 0 1 0
15/07/2015 18:17:00 35 70 2 9 40 90 100 5.5 1 2.5 0 1 0
15/07/2015 18:18:00 35 70 2 9 40 90 100 5.5 1 2.5 0 1 0
15/07/2015 18:19:00 35 70 2 9 40 90 100 5.5 1 2.5 0 1 0
15/07/2015 18:20:00 35 70 2 9 40 90 100 5.5 1 2.5 0 1 0
15/07/2015 18:21:00 35 70 2 9 40 90 100 5.5 1 2.5 0 1 0
15/07/2015 18:22:00 35 70 2 9 40 90 100 5.5 1 2.5 0 1 0
15/07/2015 18:23:00 35 70 2 9 40 90 100 5.5 1 2.5 0 1 0
15/07/2015 18:24:00 35 70 2 9 40 90 100 5.5 1 2.5 0 1 0
15/07/2015 18:25:00 35 70 2 9 40 90 100 5.5 1 2.5 0 1 0
15/07/2015 18:26:00 35 70 2 9 40 90 100 5.5 1 2.5 0 1 0
15/07/2015 18:27:00 35 70 2 9 40 90 100 5.5 1 2.5 0 1 0
15/07/2015 18:28:00 35 70 2 9 40 90 100 5.5 1 2.5 0 1 0
15/07/2015 18:29:00 35 70 2 9 40 90 100 5.5 1 2.5 0 1 0
15/07/2015 18:30:00 35 70 2 9 40 90 100 5.5 1 2.5 0 1 0
15/07/2015 18:31:00 35 70 2 9 40 90 100 5.5 1 2.5 0 1 0
15/07/2015 18:32:00 35 70 2 9 40 90 100 5.5 1 2.5 0 1 0
15/07/2015 18:33:00 35 70 2 9 40 90 100 5.5 1 2.5 0 1 0
15/07/2015 18:34:00 35 70 2 9 40 90 100 5.5 1 2.5 0 1 0
15/07/2015 18:35:00 35 70 2 9 40 90 100 5.5 1 2.5 0 1 0
15/07/2015 18:36:00 35 70 2 9 40 90 100 5.5 1 2.5 0 1 0
15/07/2015 18:37:00 35 70 2 9 40 90 100 5.5 1 2.5 0 1 0
15/07/2015 18:38:00 35 70 2 9 40 90 100 5.5 1 2.5 0 1 0
15/07/2015 18:39:00 35 70 2 9 40 90 100 5.5 1 2.5 0 1 0
15/07/2015 18:40:00 35 70 2 9 40 90 100 5.5 1 2.5 0 1 0
15/07/2015 18:41:00 35 70 2 9 40 90 100 5.5 1 2.5 0 1 0
15/07/2015 18:42:00 35 70 2 9 40 90 100 5.5 1 2.5 0 1 0
15/07/2015 18:43:00 35 70 2 9 40 90 100 5.5 1 2.5 0 1 0
15/07/2015 18:44:00 35 70 2 9 40 90 100 5.5 1 2.5 0 1 0
15/07/2015 18:45:00 35 70 2 9 40 90 100 5.5 1 2.5 0 1 0
15/07/2015 18:46:00 35 70 2 9 40 90 100 5.5 1 2.5 0 1 0
15/07/2015 18:47:00 35 70 2 9 40 90 100 5.5 1 2.5 0 1 0
15/07/2015 18:48:00 35 70 2 9 40 90 100 5.5 1 2.5 0 1 0
15/07/2015 18:49:00 35 70 2 9 40 90 100 5.5 1 2.5 0 1 0
15/07/2015 18:50:00 35 70 2 9 40 90 100 5.5 1 2.5 0 1 0
15/07/2015 18:51:00 35 70 2 9 40 90 100 5.5 1 2.5 0 1 0
15/07/2015 18:52:00 35 70 2 9 40 90 100 5.5 1 2.5 0 1 0
15/07/2015 18:53:00 35 70 2 9 40 90 100 5.5 1 2.5 0 1 0
15/07/2015 18:54:00 35 70 2 9 40 90 100 5.5 1 2.5 0 1 0
15/07/2015 18:55:00 35 70 2 9 40 90 100 5.5 1 2.5 0 1 0
15/07/2015 18:56:00 35 70 2 9 40 90 100 5.5 1 2.5 0 1 0
15/07/2015 18:57:00 35 70 2 9 40 90 100 5.5 1 2.5 0 1 0
15/07/2015 18:58:00 35 70 2 9 40 90 100 5.5 1 2.5 0 1 0
15/07/2015 18:59:00 35 70 2 9 40 90 100 5.5 1 2.5 0 1 0
16/07/2015 16:0:00 33 60 2 9 40 90 100 5.5 1 2.5 0 1 0
16/07/2015 16:1:00 32 60 2 9 40 90 100 5.5 1 2.5 0 1 0
16/07/2015 16:2:00 33 60 2 9 40 90 100 5.5 1 2.5 0 1 0
16/07/2015 16:3:00 33 60 2 9 40 90 100 5.5 1 2.5 0 1 0
16/07/2015 16:4:00 32 60 2 9 40 90 100 5.5 1 2.5 0 1 0
16/07/2015 16:5:00 32 60 2 9 40 90 100 5.5 1 2.5 0 1 0
16/07/2015 16:6:00 32 60 2 9 40 90 100 5.5 1 2.5 0 1 0
16/07/2015 16:7:00 33 60 2 9 40 90 100 5.5 1 2.5 0 1 0
16/07/2015 16:8:00 33 60 2 9 40 90 100 5.5 1 2.5 0 1 0
16/07/2015 16:9:00 33 60 2 9 40 90 100 5.5 1 3.1 0 1 0
16/07/2015 16:10:00 33 60 2 9 40 90 100 5.5 1 3.1 0 1 0
16/07/2015 16:11:00 33 60 2 9 40 90 100 5.5 1 3.1 0 1 0
16/07/2015 16:12:00 33 60 2 9 40 90 100 5.5 1 3.1 0 1 0
16/07/2015 16:13:00 33 60 2 9 40 90 100 5.5 1 2.5 0 1 0
16/07/2015 16:14:00 33 60 2 9 40 90 100 5.5 1 2.5 0 1 0
16/07/2015 16:15:00 33 60 2 9 40 90 100 5.5 1 2.5 0 1 0
16/07/2015 16:16:00 33 60 2 9 40 90 100 5.5 1 2.5 0 1 0
16/07/2015 16:17:00 33 60 2 9 40 90 100 5.5 1 2.5 0 1 0
16/07/2015 16:18:00 33 60 2 9 40 90 100 5.5 1 2.5 0 1 0
16/07/2015 16:19:00 33 60 2 9 40 90 100 5.5 1 2.5 0 1 0
16/07/2015 16:20:00 33 60 2 9 40 90 100 5.5 1 2.5 0 1 0
16/07/2015 16:21:00 33 60 2 9 40 90 100 5.5 1 2.5 0 1 0
16/07/2015 16:22:00 33 60 2 9 40 90 100 5.5 1 2.5 0 1 0
16/07/2015 16:23:00 33 60 2 9 40 90 100 5.5 1 2.5 0 1 0
16/07/2015 16:24:00 33 60 2 9 40 90 100 5.5 1 2.5 0 1 0
16/07/2015 16:25:00 33 60 3 9 40 90 100 5.5 1 2.5 0 1 0
16/07/2015 16:26:00 33 60 2 9 40 90 100 5.5 1 2.5 0 1 0
16/07/2015 16:27:00 33 60 2 9 40 90 100 5.5 1 2.5 0 1 0
16/07/2015 16:28:00 33 60 2 9 40 90 100 5.5 1 2.5 0 1 0
16/07/2015 16:29:00 33 60 3 9 40 90 100 5.5 1 2.5 0 1 0
16/07/2015 16:30:00 33 60 2 9 40 90 100 5.5 1 2.5 0 1 0
16/07/2015 16:31:00 33 60 2 9 40 90 100 5.5 1 2.5 0 1 0
16/07/2015 16:32:00 33 60 3 9 40 90 100 5.5 1 2.5 0 1 0
16/07/2015 16:33:00 33 60 2 9 40 90 100 5.5 1 2.5 0 1 0
16/07/2015 16:34:00 33 60 2 9 40 90 100 5.5 1 2.5 0 1 1
16/07/2015 16:35:00 33 60 2 9 40 90 100 5.5 1 2.5 0 1 1
16/07/2015 16:36:00 33 60 2 9 40 90 100 5.5 1 2.5 0 1 0
16/07/2015 16:37:00 33 60 2 9 40 90 100 5.5 1 2.5 0 1 0
16/07/2015 16:38:00 33 60 2 9 40 90 100 5.5 1 2.5 0 1 0
16/07/2015 16:39:00 33 60 2 9 40 90 100 5.5 1 2.5 0 1 0
16/07/2015 16:40:00 33 60 1 9 40 90 100 5.5 1 2.5 0 1 0
16/07/2015 16:41:00 33 60 1 9 40 90 100 5.5 1 2.5 0 1 0
16/07/2015 16:42:00 33 60 1 9 40 90 100 5.5 1 2.5 0 1 0
16/07/2015 16:43:00 33 60 2 9 40 90 100 5.5 1 2.5 0 1 0
16/07/2015 16:44:00 33 60 2 9 40 90 100 5.5 1 2.5 0 1 0
16/07/2015 16:45:00 33 60 2 9 40 90 100 5.5 1 2.5 0 1 0
16/07/2015 16:46:00 33 60 2 7 40 90 100 5.5 1 2.5 0 1 1
16/07/2015 16:47:00 33 60 2 7 40 90 100 5.5 1 2.5 0 1 1
16/07/2015 16:48:00 33 60 2 7 40 90 100 5.5 1 2.5 0 1 0
16/07/2015 16:49:00 33 60 2 9 40 90 100 5.5 1 2.5 1 1 0
16/07/2015 16:50:00 33 60 2 9 40 90 99 5.5 1 2.5 0 1 0
16/07/2015 16:51:00 33 60 1 9 40 90 99 5.5 1 2.5 1 1 0
16/07/2015 16:52:00 33 60 1 9 40 90 100 5.5 1 2.5 0 1 0
16/07/2015 16:53:00 33 60 2 7 40 90 98 5.4 1 2.5 0 1 0
16/07/2015 16:54:00 33 60 2 9 40 90 100 5.4 1 2.5 0 1 0
16/07/2015 16:55:00 33 60 2 7 40 90 100 4.5 1 2.5 0 1 0
16/07/2015 16:56:00 33 60 2 7 40 90 100 4.5 1 2.5 0 1 0
16/07/2015 16:57:00 33 60 2 7 40 90 100 4.5 1 2.5 0 1 0
16/07/2015 16:58:00 33 60 2 9 40 90 100 5.5 1 2.5 0 1 0
16/07/2015 16:59:00 33 60 2 9 40 90 100 5.5 1 2.5 0 1 0
16/07/2015 17:0:00 33 60 2 9 40 90 100 5.5 1 2.5 0 1 0
16/07/2015 17:1:00 33 60 2 9 40 90 100 5.5 1 2.5 0 1 0
16/07/2015 17:2:00 33 60 2 9 40 90 100 5.5 1 2.5 0 1 0
16/07/2015 17:3:00 33 60 2 9 40 90 100 5.5 1 2.5 0 1 0
16/07/2015 17:4:00 33 60 2 9 40 90 100 5.5 1 2.5 0 1 0
16/07/2015 17:5:00 33 60 2 9 40 90 100 5.5 1 2.5 0 1 0
16/07/2015 17:6:00 33 60 2 9 40 90 100 5.5 1 2.5 0 1 0
16/07/2015 17:7:00 33 60 2 9 40 90 100 5.5 1 2.5 0 1 0
16/07/2015 17:8:00 33 60 2 9 40 90 100 5.5 1 2.5 0 1 0
16/07/2015 17:9:00 33 60 2 9 40 90 100 5.5 1 2.5 0 1 0
16/07/2015 17:10:00 33 60 2 9 40 90 100 5.5 1 2.5 0 1 0
16/07/2015 17:11:00 33 60 2 9 40 90 100 5.5 1 2.5 0 1 0
16/07/2015 17:12:00 33 60 2 9 40 90 100 5.5 1 2.5 0 1 0
16/07/2015 17:13:00 33 60 2 9 40 90 100 5.5 1 2.5 0 1 0
16/07/2015 17:14:00 33 60 2 9 40 90 100 5.5 1 2.5 0 1 0
16/07/2015 17:15:00 33 60 2 9 40 90 100 5.5 1 2.5 0 1 0
16/07/2015 17:16:00 33 60 2 9 40 90 100 5.5 1 2.5 0 1 0
16/07/2015 17:17:00 33 60 2 9 40 90 100 5.5 1 2.5 0 1 0
16/07/2015 17:18:00 33 60 2 9 40 90 100 5.5 1 2.5 0 1 0
16/07/2015 17:19:00 33 60 2 9 40 90 100 5.5 1 2.5 0 1 0
16/07/2015 17:20:00 33 60 2 9 40 90 100 5.5 1 2.5 0 1 0
16/07/2015 17:21:00 33 60 2 9 40 90 100 5.5 1 2.5 0 1 0
16/07/2015 17:22:00 33 60 2 9 40 90 100 5.5 1 2.5 0 1 0
16/07/2015 17:23:00 33 60 2 9 40 90 100 5.5 1 2.5 0 1 0
16/07/2015 17:24:00 33 60 2 9 40 90 100 5.5 1 2.5 0 1 0
16/07/2015 17:25:00 33 60 2 9 40 90 100 5.5 1 2.5 0 1 0
16/07/2015 17:26:00 33 60 2 9 40 90 100 5.5 1 2.5 0 1 0
16/07/2015 17:27:00 33 60 2 9 40 90 100 5.5 1 2.5 0 1 0
16/07/2015 17:28:00 33 60 2 9 40 90 100 5.5 1 2.5 0 1 0
16/07/2015 17:29:00 33 60 2 9 40 90 100 5.5 1 2.5 0 1 0
16/07/2015 17:30:00 33 60 2 9 40 90 100 5.5 1 2.5 0 1 0
16/07/2015 17:31:00 33 60 2 9 40 90 100 5.5 1 2.5 0 1 0
16/07/2015 17:32:00 33 60 2 9 40 90 100 5.5 1 2.5 0 1 0
16/07/2015 17:33:00 33 60 2 9 40 90 100 5.5 1 2.5 0 1 0
16/07/2015 17:34:00 33 60 2 9 40 90 100 5.5 1 2.5 0 1 0
16/07/2015 17:35:00 33 60 2 9 40 90 100 5.5 1 2.5 0 1 0
16/07/2015 17:36:00 33 60 2 9 40 90 100 5.5 1 2.5 0 1 0
16/07/2015 17:37:00 33 60 2 9 40 90 100 5.5 1 2.5 0 1 0
16/07/2015 17:38:00 33 60 2 9 40 90 100 5.5 1 2.5 0 1 0
16/07/2015 17:39:00 33 60 2 9 40 90 100 5.5 1 2.5 0 1 0
16/07/2015 17:40:00 33 60 2 9 40 90 100 5.5 1 2.5 0 1 0
16/07/2015 17:41:00 33 60 2 9 40 90 100 5.5 1 2.5 0 1 0
16/07/2015 17:42:00 33 60 2 9 40 90 100 5.5 1 2.5 0 1 0
16/07/2015 17:43:00 33 60 2 9 40 90 100 5.5 1 2.5 0 1 0
16/07/2015 17:44:00 33 60 2 9 40 90 100 5.5 1 2.5 0 1 0
16/07/2015 17:45:00 33 60 2 9 40 90 100 5.5 1 2.5 0 1 0
16/07/2015 17:46:00 33 60 2 9 40 90 100 5.5 1 2.5 0 1 0
16/07/2015 17:47:00 33 60 2 9 40 90 100 5.5 1 2.5 0 1 0
16/07/2015 17:48:00 33 60 2 9 40 90 100 5.5 1 2.5 0 1 0
16/07/2015 17:49:00 33 60 2 9 40 90 100 5.5 1 2.5 0 1 0
16/07/2015 17:50:00 33 60 2 9 40 90 100 5.5 1 2.5 0 1 0
16/07/2015 17:51:00 33 60 2 9 40 90 100 5.5 1 2.5 0 1 0
16/07/2015 17:52:00 33 60 2 9 40 90 100 5.5 1 2.5 0 1 0
16/07/2015 17:53:00 33 60 2 9 40 90 100 5.5 1 2.5 0 1 0
16/07/2015 17:54:00 33 60 2 9 40 90 100 5.5 1 2.5 0 1 0
16/07/2015 17:55:00 33 60 2 9 40 90 100 5.5 1 2.5 0 1 0
16/07/2015 17:56:00 33 60 2 9 40 90 100 5.5 1 2.5 0 1 0
16/07/2015 17:57:00 33 60 2 9 40 90 100 5.5 1 2.5 0 1 0
16/07/2015 17:58:00 33 60 2 9 40 90 100 5.5 1 2.5 0 1 0
16/07/2015 17:59:00 33 60 2 9 40 90 100 5.5 1 2.5 0 1 0
16/07/2015 18:0:00 35 70 2 9 40 90 100 5.5 1 2.5 0 1 0
16/07/2015 18:1:00 35 70 2 9 40 90 100 5.5 1 2.5 0 1 0
16/07/2015 18:2:00 35 70 2 9 40 90 100 5.5 1 2.5 0 1 0
16/07/2015 18:3:00 35 70 2 9 40 90 100 5.5 1 2.5 0 1 0
16/07/2015 18:4:00 35 70 2 9 40 90 100 5.5 1 2.5 0 1 0
16/07/2015 18:5:00 35 70 2 9 40 90 100 5.5 1 2.5 0 1 0
16/07/2015 18:6:00 35 70 2 9 40 90 100 5.5 1 2.5 0 1 0
16/07/2015 18:7:00 35 70 2 9 40 90 100 5.5 1 2.5 0 1 0
16/07/2015 18:8:00 35 70 2 9 40 90 100 5.5 1 2.5 0 1 0
16/07/2015 18:9:00 35 70 2 9 40 90 100 5.5 1 2.5 0 1 0
16/07/2015 18:10:00 35 70 2 9 40 90 100 5.5 1 2.5 0 1 0
16/07/2015 18:11:00 35 70 2 9 40 90 100 5.5 1 2.5 0 1 0
16/07/2015 18:12:00 35 70 2 9 40 90 100 5.5 1 2.5 0 1 0
16/07/2015 18:13:00 35 70 2 9 40 90 100 5.5 1 2.5 0 1 0
16/07/2015 18:14:00 35 70 2 9 40 90 100 5.5 1 2.5 0 1 0
16/07/2015 18:15:00 35 70 2 9 40 90 100 5.5 1 2.5 0 1 0
16/07/2015 18:16:00 35 70 2 9 40 90 100 5.5 1 2.5 0 1 0
16/07/2015 18:17:00 35 70 2 9 40 90 100 5.5 1 2.5 0 1 0
16/07/2015 18:18:00 35 70 2 9 40 90 100 5.5 1 2.5 0 1 0
16/07/2015 18:19:00 35 70 2 9 40 90 100 5.5 1 2.5 0 1 0
16/07/2015 18:20:00 35 70 2 9 40 90 100 5.5 1 2.5 0 1 0
16/07/2015 18:21:00 35 70 2 9 40 90 100 5.5 1 2.5 0 1 0
16/07/2015 18:22:00 35 70 2 9 40 90 100 5.5 1 2.5 0 1 0
16/07/2015 18:23:00 35 70 2 9 40 90 100 5.5 1 2.5 0 1 0
16/07/2015 18:24:00 35 70 2 9 40 90 100 5.5 1 2.5 0 1 0
16/07/2015 18:25:00 35 70 2 9 40 90 100 5.5 1 2.5 0 1 0
16/07/2015 18:26:00 35 70 2 9 40 90 100 5.5 1 2.5 0 1 0
16/07/2015 18:27:00 35 70 2 9 40 90 100 5.5 1 2.5 0 1 0
16/07/2015 18:28:00 35 70 2 9 40 90 100 5.5 1 2.5 0 1 0
16/07/2015 18:29:00 35 70 2 9 40 90 100 5.5 1 2.5 0 1 0
16/07/2015 18:30:00 35 70 2 9 40 90 100 5.5 1 2.5 0 1 0
16/07/2015 18:31:00 35 70 2 9 40 90 100 5.5 1 2.5 0 1 0
16/07/2015 18:32:00 35 70 2 9 40 90 100 5.5 1 2.5 0 1 0
16/07/2015 18:33:00 35 70 2 9 40 90 100 5.5 1 2.5 0 1 0
16/07/2015 18:34:00 35 70 2 9 40 90 100 5.5 1 2.5 0 1 0
16/07/2015 18:35:00 35 70 2 9 40 90 100 5.5 1 2.5 0 1 0
16/07/2015 18:36:00 35 70 2 9 40 90 100 5.5 1 2.5 0 1 0
16/07/2015 18:37:00 35 70 2 9 40 90 100 5.5 1 2.5 0 1 0
16/07/2015 18:38:00 35 70 2 9 40 90 100 5.5 1 2.5 0 1 0
16/07/2015 18:39:00 35 70 2 9 40 90 100 5.5 1 2.5 0 1 0
16/07/2015 18:40:00 35 70 2 9 40 90 100 5.5 1 2.5 0 1 0
16/07/2015 18:41:00 35 70 2 9 40 90 100 5.5 1 2.5 0 1 0
16/07/2015 18:42:00 35 70 2 9 40 90 100 5.5 1 2.5 0 1 0
16/07/2015 18:43:00 35 70 2 9 40 90 100 5.5 1 2.5 0 1 0
16/07/2015 18:44:00 35 70 2 9 40 90 100 5.5 1 2.5 0 1 0
16/07/2015 18:45:00 35 70 2 9 40 90 100 5.5 1 2.5 0 1 0
16/07/2015 18:46:00 35 70 2 9 40 90 100 5.5 1 2.5 0 1 0
16/07/2015 18:47:00 35 70 2 9 40 90 100 5.5 1 2.5 0 1 0
16/07/2015 18:48:00 35 70 2 9 40 90 100 5.5 1 2.5 0 1 0
16/07/2015 18:49:00 35 70 2 9 40 90 100 5.5 1 2.5 0 1 0
16/07/2015 18:50:00 35 70 2 9 40 90 100 5.5 1 2.5 0 1 0
16/07/2015 18:51:00 35 70 2 9 40 90 100 5.5 1 2.5 0 1 0
16/07/2015 18:52:00 35 70 2 9 40 90 100 5.5 1 2.5 0 1 0
16/07/2015 18:53:00 35 70 2 9 40 90 100 5.5 1 2.5 0 1 0
16/07/2015 18:54:00 35 70 2 9 40 90 100 5.5 1 2.5 0 1 0
16/07/2015 18:55:00 35 70 2 9 40 90 100 5.5 1 2.5 0 1 0
16/07/2015 18:56:00 35 70 2 9 40 90 100 5.5 1 2.5 0 1 0
16/07/2015 18:57:00 35 70 2 9 40 90 100 5.5 1 2.5 0 1 0
16/07/2015 18:58:00 35 70 2 9 40 90 100 5.5 1 2.5 0 1 0
16/07/2015 18:59:00 35 70 2 9 40 90 100 5.5 1 2.5 0 1 0
